<?xml version="1.0" encoding="UTF-8"?>
<!-- Generated by org.testng.reporters.JUnitReportReporter -->
<testsuite skipped="1" hostname="DESKTOP-TK3J6EM" name="runner.Runner$Runtest" tests="1" failures="0" timestamp="09 Jun 2020 07:11:59 GMT" time="0.160" errors="0">
  <testcase name="runScenario" time="0.160" classname="runner.Runner$Runtest">
    <skipped/>
  </testcase> <!-- runScenario -->
</testsuite> <!-- runner.Runner$Runtest -->
